CRITICAL - 2024-10-28 08:26:53 --> Error: Class "App\Models\QuestionModel" not found
[Method: GET, Route: questions]
in APPPATH\Controllers\QuestionsController.php on line 10.
 1 SYSTEMPATH\CodeIgniter.php(933): App\Controllers\QuestionsController->index()
 2 SYSTEMPATH\CodeIgniter.php(509): CodeIgniter\CodeIgniter->runController(Object(App\Controllers\QuestionsController))
 3 SYSTEMPATH\CodeIgniter.php(355): CodeIgniter\CodeIgniter->handleRequest(null, Object(Config\Cache), false)
 4 SYSTEMPATH\Boot.php(325): CodeIgniter\CodeIgniter->run()
 5 SYSTEMPATH\Boot.php(67): CodeIgniter\Boot::runCodeIgniter(Object(CodeIgniter\CodeIgniter))
 6 FCPATH\index.php(56): CodeIgniter\Boot::bootWeb(Object(Config\Paths))
 7 SYSTEMPATH\rewrite.php(44): require_once('C:\\xampp\\htdocs\\assignment1\\public\\index.php')
ERROR - 2024-10-28 08:27:59 --> Error connecting to the database: mysqli_sql_exception: Access denied for user ''@'localhost' (using password: NO) in C:\xampp\htdocs\assignment1\system\Database\MySQLi\Connection.php:186
Stack trace:
#0 C:\xampp\htdocs\assignment1\system\Database\MySQLi\Connection.php(186): mysqli->real_connect('localhost', '', Object(SensitiveParameterValue), '', 3306, '', 0)
#1 C:\xampp\htdocs\assignment1\system\Database\BaseConnection.php(421): CodeIgniter\Database\MySQLi\Connection->connect(false)
#2 C:\xampp\htdocs\assignment1\system\Database\BaseConnection.php(616): CodeIgniter\Database\BaseConnection->initialize()
#3 C:\xampp\htdocs\assignment1\system\Database\BaseBuilder.php(1644): CodeIgniter\Database\BaseConnection->query('SELECT `questio...', Array, false)
#4 C:\xampp\htdocs\assignment1\system\Model.php(286): CodeIgniter\Database\BaseBuilder->get()
#5 C:\xampp\htdocs\assignment1\system\BaseModel.php(676): CodeIgniter\Model->doFindAll(0, 0)
#6 C:\xampp\htdocs\assignment1\app\Controllers\QuestionsController.php(32): CodeIgniter\BaseModel->findAll()
#7 C:\xampp\htdocs\assignment1\system\CodeIgniter.php(933): App\Controllers\QuestionsController->index()
#8 C:\xampp\htdocs\assignment1\system\CodeIgniter.php(509): CodeIgniter\CodeIgniter->runController(Object(App\Controllers\QuestionsController))
#9 C:\xampp\htdocs\assignment1\system\CodeIgniter.php(355): CodeIgniter\CodeIgniter->handleRequest(NULL, Object(Config\Cache), false)
#10 C:\xampp\htdocs\assignment1\system\Boot.php(325): CodeIgniter\CodeIgniter->run()
#11 C:\xampp\htdocs\assignment1\system\Boot.php(67): CodeIgniter\Boot::runCodeIgniter(Object(CodeIgniter\CodeIgniter))
#12 C:\xampp\htdocs\assignment1\public\index.php(56): CodeIgniter\Boot::bootWeb(Object(Config\Paths))
#13 C:\xampp\htdocs\assignment1\system\rewrite.php(44): require_once('C:\\xampp\\htdocs...')
#14 {main}

Next CodeIgniter\Database\Exceptions\DatabaseException: Access denied for user ''@'localhost' (using password: NO) in C:\xampp\htdocs\assignment1\system\Database\MySQLi\Connection.php:231
Stack trace:
#0 C:\xampp\htdocs\assignment1\system\Database\BaseConnection.php(421): CodeIgniter\Database\MySQLi\Connection->connect(false)
#1 C:\xampp\htdocs\assignment1\system\Database\BaseConnection.php(616): CodeIgniter\Database\BaseConnection->initialize()
#2 C:\xampp\htdocs\assignment1\system\Database\BaseBuilder.php(1644): CodeIgniter\Database\BaseConnection->query('SELECT `questio...', Array, false)
#3 C:\xampp\htdocs\assignment1\system\Model.php(286): CodeIgniter\Database\BaseBuilder->get()
#4 C:\xampp\htdocs\assignment1\system\BaseModel.php(676): CodeIgniter\Model->doFindAll(0, 0)
#5 C:\xampp\htdocs\assignment1\app\Controllers\QuestionsController.php(32): CodeIgniter\BaseModel->findAll()
#6 C:\xampp\htdocs\assignment1\system\CodeIgniter.php(933): App\Controllers\QuestionsController->index()
#7 C:\xampp\htdocs\assignment1\system\CodeIgniter.php(509): CodeIgniter\CodeIgniter->runController(Object(App\Controllers\QuestionsController))
#8 C:\xampp\htdocs\assignment1\system\CodeIgniter.php(355): CodeIgniter\CodeIgniter->handleRequest(NULL, Object(Config\Cache), false)
#9 C:\xampp\htdocs\assignment1\system\Boot.php(325): CodeIgniter\CodeIgniter->run()
#10 C:\xampp\htdocs\assignment1\system\Boot.php(67): CodeIgniter\Boot::runCodeIgniter(Object(CodeIgniter\CodeIgniter))
#11 C:\xampp\htdocs\assignment1\public\index.php(56): CodeIgniter\Boot::bootWeb(Object(Config\Paths))
#12 C:\xampp\htdocs\assignment1\system\rewrite.php(44): require_once('C:\\xampp\\htdocs...')
#13 {main}
CRITICAL - 2024-10-28 08:27:59 --> CodeIgniter\Database\Exceptions\DatabaseException: Unable to connect to the database.
Main connection [MySQLi]: Access denied for user ''@'localhost' (using password: NO)
[Method: GET, Route: questions]
in SYSTEMPATH\Database\BaseConnection.php on line 467.
 1 SYSTEMPATH\Database\BaseConnection.php(616): CodeIgniter\Database\BaseConnection->initialize()
 2 SYSTEMPATH\Database\BaseBuilder.php(1644): CodeIgniter\Database\BaseConnection->query('SELECT `questions`.*, `categories`.`name` as `category_name`
FROM `questions`
LEFT JOIN `categories` ON `categories`.`id` = `questions`.`category_id`', [], false)
 3 SYSTEMPATH\Model.php(286): CodeIgniter\Database\BaseBuilder->get()
 4 SYSTEMPATH\BaseModel.php(676): CodeIgniter\Model->doFindAll(0, 0)
 5 APPPATH\Controllers\QuestionsController.php(32): CodeIgniter\BaseModel->findAll()
 6 SYSTEMPATH\CodeIgniter.php(933): App\Controllers\QuestionsController->index()
 7 SYSTEMPATH\CodeIgniter.php(509): CodeIgniter\CodeIgniter->runController(Object(App\Controllers\QuestionsController))
 8 SYSTEMPATH\CodeIgniter.php(355): CodeIgniter\CodeIgniter->handleRequest(null, Object(Config\Cache), false)
 9 SYSTEMPATH\Boot.php(325): CodeIgniter\CodeIgniter->run()
10 SYSTEMPATH\Boot.php(67): CodeIgniter\Boot::runCodeIgniter(Object(CodeIgniter\CodeIgniter))
11 FCPATH\index.php(56): CodeIgniter\Boot::bootWeb(Object(Config\Paths))
12 SYSTEMPATH\rewrite.php(44): require_once('C:\\xampp\\htdocs\\assignment1\\public\\index.php')
CRITICAL - 2024-10-28 08:28:28 --> CodeIgniter\View\Exceptions\ViewException: Invalid file: "questions/index.php"
[Method: GET, Route: questions]
in SYSTEMPATH\Exceptions\FrameworkException.php on line 41.
 1 SYSTEMPATH\View\View.php(222): CodeIgniter\Exceptions\FrameworkException::forInvalidFile('questions/index.php')
 2 SYSTEMPATH\Common.php(1171): CodeIgniter\View\View->render('questions/index', [], true)
 3 APPPATH\Controllers\QuestionsController.php(40): view('questions/index', [...])
 4 SYSTEMPATH\CodeIgniter.php(933): App\Controllers\QuestionsController->index()
 5 SYSTEMPATH\CodeIgniter.php(509): CodeIgniter\CodeIgniter->runController(Object(App\Controllers\QuestionsController))
 6 SYSTEMPATH\CodeIgniter.php(355): CodeIgniter\CodeIgniter->handleRequest(null, Object(Config\Cache), false)
 7 SYSTEMPATH\Boot.php(325): CodeIgniter\CodeIgniter->run()
 8 SYSTEMPATH\Boot.php(67): CodeIgniter\Boot::runCodeIgniter(Object(CodeIgniter\CodeIgniter))
 9 FCPATH\index.php(56): CodeIgniter\Boot::bootWeb(Object(Config\Paths))
10 SYSTEMPATH\rewrite.php(44): require_once('C:\\xampp\\htdocs\\assignment1\\public\\index.php')
CRITICAL - 2024-10-28 08:30:07 --> Error: Class "App\Models\CategoryModel" not found
[Method: GET, Route: questions/create]
in APPPATH\Controllers\QuestionsController.php on line 47.
 1 SYSTEMPATH\CodeIgniter.php(933): App\Controllers\QuestionsController->create()
 2 SYSTEMPATH\CodeIgniter.php(509): CodeIgniter\CodeIgniter->runController(Object(App\Controllers\QuestionsController))
 3 SYSTEMPATH\CodeIgniter.php(355): CodeIgniter\CodeIgniter->handleRequest(null, Object(Config\Cache), false)
 4 SYSTEMPATH\Boot.php(325): CodeIgniter\CodeIgniter->run()
 5 SYSTEMPATH\Boot.php(67): CodeIgniter\Boot::runCodeIgniter(Object(CodeIgniter\CodeIgniter))
 6 FCPATH\index.php(56): CodeIgniter\Boot::bootWeb(Object(Config\Paths))
 7 SYSTEMPATH\rewrite.php(44): require_once('C:\\xampp\\htdocs\\assignment1\\public\\index.php')
CRITICAL - 2024-10-28 08:33:44 --> CodeIgniter\View\Exceptions\ViewException: Invalid file: "questions/create.php"
[Method: GET, Route: questions/create]
in SYSTEMPATH\Exceptions\FrameworkException.php on line 41.
 1 SYSTEMPATH\View\View.php(222): CodeIgniter\Exceptions\FrameworkException::forInvalidFile('questions/create.php')
 2 SYSTEMPATH\Common.php(1171): CodeIgniter\View\View->render('questions/create', [], true)
 3 APPPATH\Controllers\QuestionsController.php(61): view('questions/create', [...])
 4 SYSTEMPATH\CodeIgniter.php(933): App\Controllers\QuestionsController->create()
 5 SYSTEMPATH\CodeIgniter.php(509): CodeIgniter\CodeIgniter->runController(Object(App\Controllers\QuestionsController))
 6 SYSTEMPATH\CodeIgniter.php(355): CodeIgniter\CodeIgniter->handleRequest(null, Object(Config\Cache), false)
 7 SYSTEMPATH\Boot.php(325): CodeIgniter\CodeIgniter->run()
 8 SYSTEMPATH\Boot.php(67): CodeIgniter\Boot::runCodeIgniter(Object(CodeIgniter\CodeIgniter))
 9 FCPATH\index.php(56): CodeIgniter\Boot::bootWeb(Object(Config\Paths))
10 SYSTEMPATH\rewrite.php(44): require_once('C:\\xampp\\htdocs\\assignment1\\public\\index.php')
CRITICAL - 2024-10-28 08:49:51 --> CodeIgniter\View\Exceptions\ViewException: Invalid file: "questions/index.php"
[Method: GET, Route: questions]
in SYSTEMPATH\Exceptions\FrameworkException.php on line 41.
 1 SYSTEMPATH\View\View.php(222): CodeIgniter\Exceptions\FrameworkException::forInvalidFile('questions/index.php')
 2 SYSTEMPATH\Common.php(1171): CodeIgniter\View\View->render('questions/index', [], true)
 3 APPPATH\Controllers\QuestionsController.php(34): view('questions/index', [...])
 4 SYSTEMPATH\CodeIgniter.php(933): App\Controllers\QuestionsController->index()
 5 SYSTEMPATH\CodeIgniter.php(509): CodeIgniter\CodeIgniter->runController(Object(App\Controllers\QuestionsController))
 6 SYSTEMPATH\CodeIgniter.php(355): CodeIgniter\CodeIgniter->handleRequest(null, Object(Config\Cache), false)
 7 SYSTEMPATH\Boot.php(325): CodeIgniter\CodeIgniter->run()
 8 SYSTEMPATH\Boot.php(67): CodeIgniter\Boot::runCodeIgniter(Object(CodeIgniter\CodeIgniter))
 9 FCPATH\index.php(56): CodeIgniter\Boot::bootWeb(Object(Config\Paths))
10 SYSTEMPATH\rewrite.php(44): require_once('C:\\xampp\\htdocs\\assignment1\\public\\index.php')
CRITICAL - 2024-10-28 08:50:42 --> ErrorException: Undefined property: CodeIgniter\View\View::$request
[Method: GET, Route: questions]
in APPPATH\Views\index.php on line 12.
 1 APPPATH\Views\index.php(12): CodeIgniter\Debug\Exceptions->errorHandler(2, 'Undefined property: CodeIgniter\\View\\View::$request', 'C:\\xampp\\htdocs\\assignment1\\app\\Views\\index.php', 12)
 2 SYSTEMPATH\View\View.php(234): include('C:\\xampp\\htdocs\\assignment1\\app\\Views\\index.php')
 3 SYSTEMPATH\View\View.php(237): CodeIgniter\View\View->CodeIgniter\View\{closure}()
 4 SYSTEMPATH\Common.php(1171): CodeIgniter\View\View->render('index', [], true)
 5 APPPATH\Controllers\QuestionsController.php(34): view('index', [...])
 6 SYSTEMPATH\CodeIgniter.php(933): App\Controllers\QuestionsController->index()
 7 SYSTEMPATH\CodeIgniter.php(509): CodeIgniter\CodeIgniter->runController(Object(App\Controllers\QuestionsController))
 8 SYSTEMPATH\CodeIgniter.php(355): CodeIgniter\CodeIgniter->handleRequest(null, Object(Config\Cache), false)
 9 SYSTEMPATH\Boot.php(325): CodeIgniter\CodeIgniter->run()
10 SYSTEMPATH\Boot.php(67): CodeIgniter\Boot::runCodeIgniter(Object(CodeIgniter\CodeIgniter))
11 FCPATH\index.php(56): CodeIgniter\Boot::bootWeb(Object(Config\Paths))
12 SYSTEMPATH\rewrite.php(44): require_once('C:\\xampp\\htdocs\\assignment1\\public\\index.php')
CRITICAL - 2024-10-28 09:25:54 --> ErrorException: Undefined property: App\Controllers\Questions::$questionModel
[Method: GET, Route: questions]
in APPPATH\Controllers\Questions.php on line 21.
 1 APPPATH\Controllers\Questions.php(21): CodeIgniter\Debug\Exceptions->errorHandler(2, 'Undefined property: App\\Controllers\\Questions::$questionModel', 'C:\\xampp\\htdocs\\assignment1\\app\\Controllers\\Questions.php', 21)
 2 SYSTEMPATH\CodeIgniter.php(933): App\Controllers\Questions->index()
 3 SYSTEMPATH\CodeIgniter.php(509): CodeIgniter\CodeIgniter->runController(Object(App\Controllers\Questions))
 4 SYSTEMPATH\CodeIgniter.php(355): CodeIgniter\CodeIgniter->handleRequest(null, Object(Config\Cache), false)
 5 SYSTEMPATH\Boot.php(325): CodeIgniter\CodeIgniter->run()
 6 SYSTEMPATH\Boot.php(67): CodeIgniter\Boot::runCodeIgniter(Object(CodeIgniter\CodeIgniter))
 7 FCPATH\index.php(56): CodeIgniter\Boot::bootWeb(Object(Config\Paths))
 8 SYSTEMPATH\rewrite.php(44): require_once('C:\\xampp\\htdocs\\assignment1\\public\\index.php')
CRITICAL - 2024-10-28 09:27:56 --> ParseError: syntax error, unexpected token "public"
[Method: GET, Route: questions]
in APPPATH\Controllers\Questions.php on line 33.
 1 SYSTEMPATH\Autoloader\Autoloader.php(296): CodeIgniter\Autoloader\Autoloader->includeFile('C:\\xampp\\htdocs\\assignment1\\app\\Controllers\\Questions.php')
 2 SYSTEMPATH\Autoloader\Autoloader.php(272): CodeIgniter\Autoloader\Autoloader->loadInNamespace('App\\Controllers\\Questions')
 3 [internal function]: CodeIgniter\Autoloader\Autoloader->loadClass('App\\Controllers\\Questions')
 4 SYSTEMPATH\CodeIgniter.php(887): class_exists('\\App\\Controllers\\Questions', true)
 5 SYSTEMPATH\CodeIgniter.php(496): CodeIgniter\CodeIgniter->startController()
 6 SYSTEMPATH\CodeIgniter.php(355): CodeIgniter\CodeIgniter->handleRequest(null, Object(Config\Cache), false)
 7 SYSTEMPATH\Boot.php(325): CodeIgniter\CodeIgniter->run()
 8 SYSTEMPATH\Boot.php(67): CodeIgniter\Boot::runCodeIgniter(Object(CodeIgniter\CodeIgniter))
 9 FCPATH\index.php(56): CodeIgniter\Boot::bootWeb(Object(Config\Paths))
10 SYSTEMPATH\rewrite.php(44): require_once('C:\\xampp\\htdocs\\assignment1\\public\\index.php')
CRITICAL - 2024-10-28 09:31:45 --> ErrorException: Undefined variable $parameters
[Method: GET, Route: questions]
in APPPATH\Models\QuestionModel.php on line 28.
 1 APPPATH\Models\QuestionModel.php(28): CodeIgniter\Debug\Exceptions->errorHandler(2, 'Undefined variable $parameters', 'C:\\xampp\\htdocs\\assignment1\\app\\Models\\QuestionModel.php', 28)
 2 APPPATH\Controllers\Questions.php(18): App\Models\QuestionModel->getAllQuestions(null, null)
 3 SYSTEMPATH\CodeIgniter.php(933): App\Controllers\Questions->index()
 4 SYSTEMPATH\CodeIgniter.php(509): CodeIgniter\CodeIgniter->runController(Object(App\Controllers\Questions))
 5 SYSTEMPATH\CodeIgniter.php(355): CodeIgniter\CodeIgniter->handleRequest(null, Object(Config\Cache), false)
 6 SYSTEMPATH\Boot.php(325): CodeIgniter\CodeIgniter->run()
 7 SYSTEMPATH\Boot.php(67): CodeIgniter\Boot::runCodeIgniter(Object(CodeIgniter\CodeIgniter))
 8 FCPATH\index.php(56): CodeIgniter\Boot::bootWeb(Object(Config\Paths))
 9 SYSTEMPATH\rewrite.php(44): require_once('C:\\xampp\\htdocs\\assignment1\\public\\index.php')
CRITICAL - 2024-10-28 09:32:31 --> ErrorException: Undefined variable $paras
[Method: GET, Route: questions]
in APPPATH\Models\QuestionModel.php on line 28.
 1 APPPATH\Models\QuestionModel.php(28): CodeIgniter\Debug\Exceptions->errorHandler(2, 'Undefined variable $paras', 'C:\\xampp\\htdocs\\assignment1\\app\\Models\\QuestionModel.php', 28)
 2 APPPATH\Controllers\Questions.php(18): App\Models\QuestionModel->getAllQuestions(null, null)
 3 SYSTEMPATH\CodeIgniter.php(933): App\Controllers\Questions->index()
 4 SYSTEMPATH\CodeIgniter.php(509): CodeIgniter\CodeIgniter->runController(Object(App\Controllers\Questions))
 5 SYSTEMPATH\CodeIgniter.php(355): CodeIgniter\CodeIgniter->handleRequest(null, Object(Config\Cache), false)
 6 SYSTEMPATH\Boot.php(325): CodeIgniter\CodeIgniter->run()
 7 SYSTEMPATH\Boot.php(67): CodeIgniter\Boot::runCodeIgniter(Object(CodeIgniter\CodeIgniter))
 8 FCPATH\index.php(56): CodeIgniter\Boot::bootWeb(Object(Config\Paths))
 9 SYSTEMPATH\rewrite.php(44): require_once('C:\\xampp\\htdocs\\assignment1\\public\\index.php')
ERROR - 2024-10-28 10:03:04 --> mysqli_sql_exception: Column 'title' cannot be null in C:\xampp\htdocs\assignment1\system\Database\MySQLi\Connection.php:312
Stack trace:
#0 C:\xampp\htdocs\assignment1\system\Database\MySQLi\Connection.php(312): mysqli->query('INSERT INTO que...', 0)
#1 C:\xampp\htdocs\assignment1\system\Database\BaseConnection.php(734): CodeIgniter\Database\MySQLi\Connection->execute('INSERT INTO que...')
#2 C:\xampp\htdocs\assignment1\system\Database\BaseConnection.php(648): CodeIgniter\Database\BaseConnection->simpleQuery('INSERT INTO que...')
#3 C:\xampp\htdocs\assignment1\app\Models\QuestionModel.php(36): CodeIgniter\Database\BaseConnection->query('INSERT INTO que...', Array)
#4 C:\xampp\htdocs\assignment1\app\Controllers\Questions.php(44): App\Models\QuestionModel->insertInDB(Array)
#5 C:\xampp\htdocs\assignment1\system\CodeIgniter.php(933): App\Controllers\Questions->store()
#6 C:\xampp\htdocs\assignment1\system\CodeIgniter.php(509): CodeIgniter\CodeIgniter->runController(Object(App\Controllers\Questions))
#7 C:\xampp\htdocs\assignment1\system\CodeIgniter.php(355): CodeIgniter\CodeIgniter->handleRequest(NULL, Object(Config\Cache), false)
#8 C:\xampp\htdocs\assignment1\system\Boot.php(325): CodeIgniter\CodeIgniter->run()
#9 C:\xampp\htdocs\assignment1\system\Boot.php(67): CodeIgniter\Boot::runCodeIgniter(Object(CodeIgniter\CodeIgniter))
#10 C:\xampp\htdocs\assignment1\public\index.php(56): CodeIgniter\Boot::bootWeb(Object(Config\Paths))
#11 C:\xampp\htdocs\assignment1\system\rewrite.php(44): require_once('C:\\xampp\\htdocs...')
#12 {main}
CRITICAL - 2024-10-28 10:03:04 --> CodeIgniter\Database\Exceptions\DatabaseException: Column 'title' cannot be null
[Method: GET, Route: questions]
in SYSTEMPATH\Database\BaseConnection.php on line 688.
 1 APPPATH\Models\QuestionModel.php(36): CodeIgniter\Database\BaseConnection->query('INSERT INTO questions (title, question, answer, category_id) VALUES (?, ?, ?, ?)', [...])
 2 APPPATH\Controllers\Questions.php(44): App\Models\QuestionModel->insertInDB([...])
 3 SYSTEMPATH\CodeIgniter.php(933): App\Controllers\Questions->store()
 4 SYSTEMPATH\CodeIgniter.php(509): CodeIgniter\CodeIgniter->runController(Object(App\Controllers\Questions))
 5 SYSTEMPATH\CodeIgniter.php(355): CodeIgniter\CodeIgniter->handleRequest(null, Object(Config\Cache), false)
 6 SYSTEMPATH\Boot.php(325): CodeIgniter\CodeIgniter->run()
 7 SYSTEMPATH\Boot.php(67): CodeIgniter\Boot::runCodeIgniter(Object(CodeIgniter\CodeIgniter))
 8 FCPATH\index.php(56): CodeIgniter\Boot::bootWeb(Object(Config\Paths))
 9 SYSTEMPATH\rewrite.php(44): require_once('C:\\xampp\\htdocs\\assignment1\\public\\index.php')
CRITICAL - 2024-10-28 10:03:04 --> [Caused by] CodeIgniter\Database\Exceptions\DatabaseException: Column 'title' cannot be null
in SYSTEMPATH\Database\MySQLi\Connection.php on line 317.
 1 SYSTEMPATH\Database\BaseConnection.php(734): CodeIgniter\Database\MySQLi\Connection->execute('INSERT INTO questions (title, question, answer, category_id) VALUES (NULL, NULL, NULL, NULL)')
 2 SYSTEMPATH\Database\BaseConnection.php(648): CodeIgniter\Database\BaseConnection->simpleQuery('INSERT INTO questions (title, question, answer, category_id) VALUES (NULL, NULL, NULL, NULL)')
 3 APPPATH\Models\QuestionModel.php(36): CodeIgniter\Database\BaseConnection->query('INSERT INTO questions (title, question, answer, category_id) VALUES (?, ?, ?, ?)', [...])
 4 APPPATH\Controllers\Questions.php(44): App\Models\QuestionModel->insertInDB([...])
 5 SYSTEMPATH\CodeIgniter.php(933): App\Controllers\Questions->store()
 6 SYSTEMPATH\CodeIgniter.php(509): CodeIgniter\CodeIgniter->runController(Object(App\Controllers\Questions))
 7 SYSTEMPATH\CodeIgniter.php(355): CodeIgniter\CodeIgniter->handleRequest(null, Object(Config\Cache), false)
 8 SYSTEMPATH\Boot.php(325): CodeIgniter\CodeIgniter->run()
 9 SYSTEMPATH\Boot.php(67): CodeIgniter\Boot::runCodeIgniter(Object(CodeIgniter\CodeIgniter))
10 FCPATH\index.php(56): CodeIgniter\Boot::bootWeb(Object(Config\Paths))
11 SYSTEMPATH\rewrite.php(44): require_once('C:\\xampp\\htdocs\\assignment1\\public\\index.php')
CRITICAL - 2024-10-28 10:03:04 --> [Caused by] mysqli_sql_exception: Column 'title' cannot be null
in SYSTEMPATH\Database\MySQLi\Connection.php on line 312.
 1 SYSTEMPATH\Database\MySQLi\Connection.php(312): mysqli->query('INSERT INTO questions (title, question, answer, category_id) VALUES (NULL, NULL, NULL, NULL)', 0)
 2 SYSTEMPATH\Database\BaseConnection.php(734): CodeIgniter\Database\MySQLi\Connection->execute('INSERT INTO questions (title, question, answer, category_id) VALUES (NULL, NULL, NULL, NULL)')
 3 SYSTEMPATH\Database\BaseConnection.php(648): CodeIgniter\Database\BaseConnection->simpleQuery('INSERT INTO questions (title, question, answer, category_id) VALUES (NULL, NULL, NULL, NULL)')
 4 APPPATH\Models\QuestionModel.php(36): CodeIgniter\Database\BaseConnection->query('INSERT INTO questions (title, question, answer, category_id) VALUES (?, ?, ?, ?)', [...])
 5 APPPATH\Controllers\Questions.php(44): App\Models\QuestionModel->insertInDB([...])
 6 SYSTEMPATH\CodeIgniter.php(933): App\Controllers\Questions->store()
 7 SYSTEMPATH\CodeIgniter.php(509): CodeIgniter\CodeIgniter->runController(Object(App\Controllers\Questions))
 8 SYSTEMPATH\CodeIgniter.php(355): CodeIgniter\CodeIgniter->handleRequest(null, Object(Config\Cache), false)
 9 SYSTEMPATH\Boot.php(325): CodeIgniter\CodeIgniter->run()
10 SYSTEMPATH\Boot.php(67): CodeIgniter\Boot::runCodeIgniter(Object(CodeIgniter\CodeIgniter))
11 FCPATH\index.php(56): CodeIgniter\Boot::bootWeb(Object(Config\Paths))
12 SYSTEMPATH\rewrite.php(44): require_once('C:\\xampp\\htdocs\\assignment1\\public\\index.php')
ERROR - 2024-10-28 10:03:58 --> mysqli_sql_exception: Column 'title' cannot be null in C:\xampp\htdocs\assignment1\system\Database\MySQLi\Connection.php:312
Stack trace:
#0 C:\xampp\htdocs\assignment1\system\Database\MySQLi\Connection.php(312): mysqli->query('INSERT INTO que...', 0)
#1 C:\xampp\htdocs\assignment1\system\Database\BaseConnection.php(734): CodeIgniter\Database\MySQLi\Connection->execute('INSERT INTO que...')
#2 C:\xampp\htdocs\assignment1\system\Database\BaseConnection.php(648): CodeIgniter\Database\BaseConnection->simpleQuery('INSERT INTO que...')
#3 C:\xampp\htdocs\assignment1\app\Models\QuestionModel.php(36): CodeIgniter\Database\BaseConnection->query('INSERT INTO que...', Array)
#4 C:\xampp\htdocs\assignment1\app\Controllers\Questions.php(44): App\Models\QuestionModel->insertInDB(Array)
#5 C:\xampp\htdocs\assignment1\system\CodeIgniter.php(933): App\Controllers\Questions->store()
#6 C:\xampp\htdocs\assignment1\system\CodeIgniter.php(509): CodeIgniter\CodeIgniter->runController(Object(App\Controllers\Questions))
#7 C:\xampp\htdocs\assignment1\system\CodeIgniter.php(355): CodeIgniter\CodeIgniter->handleRequest(NULL, Object(Config\Cache), false)
#8 C:\xampp\htdocs\assignment1\system\Boot.php(325): CodeIgniter\CodeIgniter->run()
#9 C:\xampp\htdocs\assignment1\system\Boot.php(67): CodeIgniter\Boot::runCodeIgniter(Object(CodeIgniter\CodeIgniter))
#10 C:\xampp\htdocs\assignment1\public\index.php(56): CodeIgniter\Boot::bootWeb(Object(Config\Paths))
#11 C:\xampp\htdocs\assignment1\system\rewrite.php(44): require_once('C:\\xampp\\htdocs...')
#12 {main}
CRITICAL - 2024-10-28 10:03:58 --> CodeIgniter\Database\Exceptions\DatabaseException: Column 'title' cannot be null
[Method: GET, Route: questions]
in SYSTEMPATH\Database\BaseConnection.php on line 688.
 1 APPPATH\Models\QuestionModel.php(36): CodeIgniter\Database\BaseConnection->query('INSERT INTO questions (title, question, answer, category_id) VALUES (?, ?, ?, ?)', [...])
 2 APPPATH\Controllers\Questions.php(44): App\Models\QuestionModel->insertInDB([...])
 3 SYSTEMPATH\CodeIgniter.php(933): App\Controllers\Questions->store()
 4 SYSTEMPATH\CodeIgniter.php(509): CodeIgniter\CodeIgniter->runController(Object(App\Controllers\Questions))
 5 SYSTEMPATH\CodeIgniter.php(355): CodeIgniter\CodeIgniter->handleRequest(null, Object(Config\Cache), false)
 6 SYSTEMPATH\Boot.php(325): CodeIgniter\CodeIgniter->run()
 7 SYSTEMPATH\Boot.php(67): CodeIgniter\Boot::runCodeIgniter(Object(CodeIgniter\CodeIgniter))
 8 FCPATH\index.php(56): CodeIgniter\Boot::bootWeb(Object(Config\Paths))
 9 SYSTEMPATH\rewrite.php(44): require_once('C:\\xampp\\htdocs\\assignment1\\public\\index.php')
CRITICAL - 2024-10-28 10:03:58 --> [Caused by] CodeIgniter\Database\Exceptions\DatabaseException: Column 'title' cannot be null
in SYSTEMPATH\Database\MySQLi\Connection.php on line 317.
 1 SYSTEMPATH\Database\BaseConnection.php(734): CodeIgniter\Database\MySQLi\Connection->execute('INSERT INTO questions (title, question, answer, category_id) VALUES (NULL, NULL, NULL, NULL)')
 2 SYSTEMPATH\Database\BaseConnection.php(648): CodeIgniter\Database\BaseConnection->simpleQuery('INSERT INTO questions (title, question, answer, category_id) VALUES (NULL, NULL, NULL, NULL)')
 3 APPPATH\Models\QuestionModel.php(36): CodeIgniter\Database\BaseConnection->query('INSERT INTO questions (title, question, answer, category_id) VALUES (?, ?, ?, ?)', [...])
 4 APPPATH\Controllers\Questions.php(44): App\Models\QuestionModel->insertInDB([...])
 5 SYSTEMPATH\CodeIgniter.php(933): App\Controllers\Questions->store()
 6 SYSTEMPATH\CodeIgniter.php(509): CodeIgniter\CodeIgniter->runController(Object(App\Controllers\Questions))
 7 SYSTEMPATH\CodeIgniter.php(355): CodeIgniter\CodeIgniter->handleRequest(null, Object(Config\Cache), false)
 8 SYSTEMPATH\Boot.php(325): CodeIgniter\CodeIgniter->run()
 9 SYSTEMPATH\Boot.php(67): CodeIgniter\Boot::runCodeIgniter(Object(CodeIgniter\CodeIgniter))
10 FCPATH\index.php(56): CodeIgniter\Boot::bootWeb(Object(Config\Paths))
11 SYSTEMPATH\rewrite.php(44): require_once('C:\\xampp\\htdocs\\assignment1\\public\\index.php')
CRITICAL - 2024-10-28 10:03:58 --> [Caused by] mysqli_sql_exception: Column 'title' cannot be null
in SYSTEMPATH\Database\MySQLi\Connection.php on line 312.
 1 SYSTEMPATH\Database\MySQLi\Connection.php(312): mysqli->query('INSERT INTO questions (title, question, answer, category_id) VALUES (NULL, NULL, NULL, NULL)', 0)
 2 SYSTEMPATH\Database\BaseConnection.php(734): CodeIgniter\Database\MySQLi\Connection->execute('INSERT INTO questions (title, question, answer, category_id) VALUES (NULL, NULL, NULL, NULL)')
 3 SYSTEMPATH\Database\BaseConnection.php(648): CodeIgniter\Database\BaseConnection->simpleQuery('INSERT INTO questions (title, question, answer, category_id) VALUES (NULL, NULL, NULL, NULL)')
 4 APPPATH\Models\QuestionModel.php(36): CodeIgniter\Database\BaseConnection->query('INSERT INTO questions (title, question, answer, category_id) VALUES (?, ?, ?, ?)', [...])
 5 APPPATH\Controllers\Questions.php(44): App\Models\QuestionModel->insertInDB([...])
 6 SYSTEMPATH\CodeIgniter.php(933): App\Controllers\Questions->store()
 7 SYSTEMPATH\CodeIgniter.php(509): CodeIgniter\CodeIgniter->runController(Object(App\Controllers\Questions))
 8 SYSTEMPATH\CodeIgniter.php(355): CodeIgniter\CodeIgniter->handleRequest(null, Object(Config\Cache), false)
 9 SYSTEMPATH\Boot.php(325): CodeIgniter\CodeIgniter->run()
10 SYSTEMPATH\Boot.php(67): CodeIgniter\Boot::runCodeIgniter(Object(CodeIgniter\CodeIgniter))
11 FCPATH\index.php(56): CodeIgniter\Boot::bootWeb(Object(Config\Paths))
12 SYSTEMPATH\rewrite.php(44): require_once('C:\\xampp\\htdocs\\assignment1\\public\\index.php')
ERROR - 2024-10-28 10:04:10 --> mysqli_sql_exception: Column 'title' cannot be null in C:\xampp\htdocs\assignment1\system\Database\MySQLi\Connection.php:312
Stack trace:
#0 C:\xampp\htdocs\assignment1\system\Database\MySQLi\Connection.php(312): mysqli->query('INSERT INTO que...', 0)
#1 C:\xampp\htdocs\assignment1\system\Database\BaseConnection.php(734): CodeIgniter\Database\MySQLi\Connection->execute('INSERT INTO que...')
#2 C:\xampp\htdocs\assignment1\system\Database\BaseConnection.php(648): CodeIgniter\Database\BaseConnection->simpleQuery('INSERT INTO que...')
#3 C:\xampp\htdocs\assignment1\app\Models\QuestionModel.php(36): CodeIgniter\Database\BaseConnection->query('INSERT INTO que...', Array)
#4 C:\xampp\htdocs\assignment1\app\Controllers\Questions.php(44): App\Models\QuestionModel->insertInDB(Array)
#5 C:\xampp\htdocs\assignment1\system\CodeIgniter.php(933): App\Controllers\Questions->store()
#6 C:\xampp\htdocs\assignment1\system\CodeIgniter.php(509): CodeIgniter\CodeIgniter->runController(Object(App\Controllers\Questions))
#7 C:\xampp\htdocs\assignment1\system\CodeIgniter.php(355): CodeIgniter\CodeIgniter->handleRequest(NULL, Object(Config\Cache), false)
#8 C:\xampp\htdocs\assignment1\system\Boot.php(325): CodeIgniter\CodeIgniter->run()
#9 C:\xampp\htdocs\assignment1\system\Boot.php(67): CodeIgniter\Boot::runCodeIgniter(Object(CodeIgniter\CodeIgniter))
#10 C:\xampp\htdocs\assignment1\public\index.php(56): CodeIgniter\Boot::bootWeb(Object(Config\Paths))
#11 C:\xampp\htdocs\assignment1\system\rewrite.php(44): require_once('C:\\xampp\\htdocs...')
#12 {main}
CRITICAL - 2024-10-28 10:04:10 --> CodeIgniter\Database\Exceptions\DatabaseException: Column 'title' cannot be null
[Method: GET, Route: questions]
in SYSTEMPATH\Database\BaseConnection.php on line 688.
 1 APPPATH\Models\QuestionModel.php(36): CodeIgniter\Database\BaseConnection->query('INSERT INTO questions (title, question, answer, category_id) VALUES (?, ?, ?, ?)', [...])
 2 APPPATH\Controllers\Questions.php(44): App\Models\QuestionModel->insertInDB([...])
 3 SYSTEMPATH\CodeIgniter.php(933): App\Controllers\Questions->store()
 4 SYSTEMPATH\CodeIgniter.php(509): CodeIgniter\CodeIgniter->runController(Object(App\Controllers\Questions))
 5 SYSTEMPATH\CodeIgniter.php(355): CodeIgniter\CodeIgniter->handleRequest(null, Object(Config\Cache), false)
 6 SYSTEMPATH\Boot.php(325): CodeIgniter\CodeIgniter->run()
 7 SYSTEMPATH\Boot.php(67): CodeIgniter\Boot::runCodeIgniter(Object(CodeIgniter\CodeIgniter))
 8 FCPATH\index.php(56): CodeIgniter\Boot::bootWeb(Object(Config\Paths))
 9 SYSTEMPATH\rewrite.php(44): require_once('C:\\xampp\\htdocs\\assignment1\\public\\index.php')
CRITICAL - 2024-10-28 10:04:10 --> [Caused by] CodeIgniter\Database\Exceptions\DatabaseException: Column 'title' cannot be null
in SYSTEMPATH\Database\MySQLi\Connection.php on line 317.
 1 SYSTEMPATH\Database\BaseConnection.php(734): CodeIgniter\Database\MySQLi\Connection->execute('INSERT INTO questions (title, question, answer, category_id) VALUES (NULL, NULL, NULL, NULL)')
 2 SYSTEMPATH\Database\BaseConnection.php(648): CodeIgniter\Database\BaseConnection->simpleQuery('INSERT INTO questions (title, question, answer, category_id) VALUES (NULL, NULL, NULL, NULL)')
 3 APPPATH\Models\QuestionModel.php(36): CodeIgniter\Database\BaseConnection->query('INSERT INTO questions (title, question, answer, category_id) VALUES (?, ?, ?, ?)', [...])
 4 APPPATH\Controllers\Questions.php(44): App\Models\QuestionModel->insertInDB([...])
 5 SYSTEMPATH\CodeIgniter.php(933): App\Controllers\Questions->store()
 6 SYSTEMPATH\CodeIgniter.php(509): CodeIgniter\CodeIgniter->runController(Object(App\Controllers\Questions))
 7 SYSTEMPATH\CodeIgniter.php(355): CodeIgniter\CodeIgniter->handleRequest(null, Object(Config\Cache), false)
 8 SYSTEMPATH\Boot.php(325): CodeIgniter\CodeIgniter->run()
 9 SYSTEMPATH\Boot.php(67): CodeIgniter\Boot::runCodeIgniter(Object(CodeIgniter\CodeIgniter))
10 FCPATH\index.php(56): CodeIgniter\Boot::bootWeb(Object(Config\Paths))
11 SYSTEMPATH\rewrite.php(44): require_once('C:\\xampp\\htdocs\\assignment1\\public\\index.php')
CRITICAL - 2024-10-28 10:04:10 --> [Caused by] mysqli_sql_exception: Column 'title' cannot be null
in SYSTEMPATH\Database\MySQLi\Connection.php on line 312.
 1 SYSTEMPATH\Database\MySQLi\Connection.php(312): mysqli->query('INSERT INTO questions (title, question, answer, category_id) VALUES (NULL, NULL, NULL, NULL)', 0)
 2 SYSTEMPATH\Database\BaseConnection.php(734): CodeIgniter\Database\MySQLi\Connection->execute('INSERT INTO questions (title, question, answer, category_id) VALUES (NULL, NULL, NULL, NULL)')
 3 SYSTEMPATH\Database\BaseConnection.php(648): CodeIgniter\Database\BaseConnection->simpleQuery('INSERT INTO questions (title, question, answer, category_id) VALUES (NULL, NULL, NULL, NULL)')
 4 APPPATH\Models\QuestionModel.php(36): CodeIgniter\Database\BaseConnection->query('INSERT INTO questions (title, question, answer, category_id) VALUES (?, ?, ?, ?)', [...])
 5 APPPATH\Controllers\Questions.php(44): App\Models\QuestionModel->insertInDB([...])
 6 SYSTEMPATH\CodeIgniter.php(933): App\Controllers\Questions->store()
 7 SYSTEMPATH\CodeIgniter.php(509): CodeIgniter\CodeIgniter->runController(Object(App\Controllers\Questions))
 8 SYSTEMPATH\CodeIgniter.php(355): CodeIgniter\CodeIgniter->handleRequest(null, Object(Config\Cache), false)
 9 SYSTEMPATH\Boot.php(325): CodeIgniter\CodeIgniter->run()
10 SYSTEMPATH\Boot.php(67): CodeIgniter\Boot::runCodeIgniter(Object(CodeIgniter\CodeIgniter))
11 FCPATH\index.php(56): CodeIgniter\Boot::bootWeb(Object(Config\Paths))
12 SYSTEMPATH\rewrite.php(44): require_once('C:\\xampp\\htdocs\\assignment1\\public\\index.php')
ERROR - 2024-10-28 10:09:07 --> mysqli_sql_exception: Column 'title' cannot be null in C:\xampp\htdocs\assignment1\system\Database\MySQLi\Connection.php:312
Stack trace:
#0 C:\xampp\htdocs\assignment1\system\Database\MySQLi\Connection.php(312): mysqli->query('INSERT INTO que...', 0)
#1 C:\xampp\htdocs\assignment1\system\Database\BaseConnection.php(734): CodeIgniter\Database\MySQLi\Connection->execute('INSERT INTO que...')
#2 C:\xampp\htdocs\assignment1\system\Database\BaseConnection.php(648): CodeIgniter\Database\BaseConnection->simpleQuery('INSERT INTO que...')
#3 C:\xampp\htdocs\assignment1\app\Models\QuestionModel.php(36): CodeIgniter\Database\BaseConnection->query('INSERT INTO que...', Array)
#4 C:\xampp\htdocs\assignment1\app\Controllers\Questions.php(44): App\Models\QuestionModel->insertInDB(Array)
#5 C:\xampp\htdocs\assignment1\system\CodeIgniter.php(933): App\Controllers\Questions->store()
#6 C:\xampp\htdocs\assignment1\system\CodeIgniter.php(509): CodeIgniter\CodeIgniter->runController(Object(App\Controllers\Questions))
#7 C:\xampp\htdocs\assignment1\system\CodeIgniter.php(355): CodeIgniter\CodeIgniter->handleRequest(NULL, Object(Config\Cache), false)
#8 C:\xampp\htdocs\assignment1\system\Boot.php(325): CodeIgniter\CodeIgniter->run()
#9 C:\xampp\htdocs\assignment1\system\Boot.php(67): CodeIgniter\Boot::runCodeIgniter(Object(CodeIgniter\CodeIgniter))
#10 C:\xampp\htdocs\assignment1\public\index.php(56): CodeIgniter\Boot::bootWeb(Object(Config\Paths))
#11 C:\xampp\htdocs\assignment1\system\rewrite.php(44): require_once('C:\\xampp\\htdocs...')
#12 {main}
CRITICAL - 2024-10-28 10:09:07 --> CodeIgniter\Database\Exceptions\DatabaseException: Column 'title' cannot be null
[Method: POST, Route: questions]
in SYSTEMPATH\Database\BaseConnection.php on line 688.
 1 APPPATH\Models\QuestionModel.php(36): CodeIgniter\Database\BaseConnection->query('INSERT INTO questions (title, question, answer, category_id) VALUES (?, ?, ?, ?)', [...])
 2 APPPATH\Controllers\Questions.php(44): App\Models\QuestionModel->insertInDB([...])
 3 SYSTEMPATH\CodeIgniter.php(933): App\Controllers\Questions->store()
 4 SYSTEMPATH\CodeIgniter.php(509): CodeIgniter\CodeIgniter->runController(Object(App\Controllers\Questions))
 5 SYSTEMPATH\CodeIgniter.php(355): CodeIgniter\CodeIgniter->handleRequest(null, Object(Config\Cache), false)
 6 SYSTEMPATH\Boot.php(325): CodeIgniter\CodeIgniter->run()
 7 SYSTEMPATH\Boot.php(67): CodeIgniter\Boot::runCodeIgniter(Object(CodeIgniter\CodeIgniter))
 8 FCPATH\index.php(56): CodeIgniter\Boot::bootWeb(Object(Config\Paths))
 9 SYSTEMPATH\rewrite.php(44): require_once('C:\\xampp\\htdocs\\assignment1\\public\\index.php')
CRITICAL - 2024-10-28 10:09:07 --> [Caused by] CodeIgniter\Database\Exceptions\DatabaseException: Column 'title' cannot be null
in SYSTEMPATH\Database\MySQLi\Connection.php on line 317.
 1 SYSTEMPATH\Database\BaseConnection.php(734): CodeIgniter\Database\MySQLi\Connection->execute('INSERT INTO questions (title, question, answer, category_id) VALUES (NULL, NULL, NULL, \'2\')')
 2 SYSTEMPATH\Database\BaseConnection.php(648): CodeIgniter\Database\BaseConnection->simpleQuery('INSERT INTO questions (title, question, answer, category_id) VALUES (NULL, NULL, NULL, \'2\')')
 3 APPPATH\Models\QuestionModel.php(36): CodeIgniter\Database\BaseConnection->query('INSERT INTO questions (title, question, answer, category_id) VALUES (?, ?, ?, ?)', [...])
 4 APPPATH\Controllers\Questions.php(44): App\Models\QuestionModel->insertInDB([...])
 5 SYSTEMPATH\CodeIgniter.php(933): App\Controllers\Questions->store()
 6 SYSTEMPATH\CodeIgniter.php(509): CodeIgniter\CodeIgniter->runController(Object(App\Controllers\Questions))
 7 SYSTEMPATH\CodeIgniter.php(355): CodeIgniter\CodeIgniter->handleRequest(null, Object(Config\Cache), false)
 8 SYSTEMPATH\Boot.php(325): CodeIgniter\CodeIgniter->run()
 9 SYSTEMPATH\Boot.php(67): CodeIgniter\Boot::runCodeIgniter(Object(CodeIgniter\CodeIgniter))
10 FCPATH\index.php(56): CodeIgniter\Boot::bootWeb(Object(Config\Paths))
11 SYSTEMPATH\rewrite.php(44): require_once('C:\\xampp\\htdocs\\assignment1\\public\\index.php')
CRITICAL - 2024-10-28 10:09:07 --> [Caused by] mysqli_sql_exception: Column 'title' cannot be null
in SYSTEMPATH\Database\MySQLi\Connection.php on line 312.
 1 SYSTEMPATH\Database\MySQLi\Connection.php(312): mysqli->query('INSERT INTO questions (title, question, answer, category_id) VALUES (NULL, NULL, NULL, \'2\')', 0)
 2 SYSTEMPATH\Database\BaseConnection.php(734): CodeIgniter\Database\MySQLi\Connection->execute('INSERT INTO questions (title, question, answer, category_id) VALUES (NULL, NULL, NULL, \'2\')')
 3 SYSTEMPATH\Database\BaseConnection.php(648): CodeIgniter\Database\BaseConnection->simpleQuery('INSERT INTO questions (title, question, answer, category_id) VALUES (NULL, NULL, NULL, \'2\')')
 4 APPPATH\Models\QuestionModel.php(36): CodeIgniter\Database\BaseConnection->query('INSERT INTO questions (title, question, answer, category_id) VALUES (?, ?, ?, ?)', [...])
 5 APPPATH\Controllers\Questions.php(44): App\Models\QuestionModel->insertInDB([...])
 6 SYSTEMPATH\CodeIgniter.php(933): App\Controllers\Questions->store()
 7 SYSTEMPATH\CodeIgniter.php(509): CodeIgniter\CodeIgniter->runController(Object(App\Controllers\Questions))
 8 SYSTEMPATH\CodeIgniter.php(355): CodeIgniter\CodeIgniter->handleRequest(null, Object(Config\Cache), false)
 9 SYSTEMPATH\Boot.php(325): CodeIgniter\CodeIgniter->run()
10 SYSTEMPATH\Boot.php(67): CodeIgniter\Boot::runCodeIgniter(Object(CodeIgniter\CodeIgniter))
11 FCPATH\index.php(56): CodeIgniter\Boot::bootWeb(Object(Config\Paths))
12 SYSTEMPATH\rewrite.php(44): require_once('C:\\xampp\\htdocs\\assignment1\\public\\index.php')
INFO - 2024-10-28 10:11:29 --> Session: Class initialized using 'CodeIgniter\Session\Handlers\FileHandler' driver.
INFO - 2024-10-28 10:11:39 --> Session: Class initialized using 'CodeIgniter\Session\Handlers\FileHandler' driver.
INFO - 2024-10-28 10:12:31 --> Session: Class initialized using 'CodeIgniter\Session\Handlers\FileHandler' driver.
INFO - 2024-10-28 10:13:01 --> Session: Class initialized using 'CodeIgniter\Session\Handlers\FileHandler' driver.
INFO - 2024-10-28 10:13:59 --> Session: Class initialized using 'CodeIgniter\Session\Handlers\FileHandler' driver.
INFO - 2024-10-28 10:14:06 --> Session: Class initialized using 'CodeIgniter\Session\Handlers\FileHandler' driver.
DEBUG - 2024-10-28 10:14:32 --> Search: , Category ID: 
INFO - 2024-10-28 10:14:36 --> Session: Class initialized using 'CodeIgniter\Session\Handlers\FileHandler' driver.
DEBUG - 2024-10-28 10:14:37 --> Search: , Category ID: 
DEBUG - 2024-10-28 10:18:05 --> Search: , Category ID: 
DEBUG - 2024-10-28 10:18:24 --> Search: , Category ID: 
DEBUG - 2024-10-28 10:18:31 --> Search: , Category ID: 
DEBUG - 2024-10-28 10:19:38 --> Search: , Category ID: 
DEBUG - 2024-10-28 10:20:34 --> Search: , Category ID: 
CRITICAL - 2024-10-28 11:12:34 --> ErrorException: Undefined array key "name"
[Method: GET, Route: questions]
in APPPATH\Views\index.php on line 88.
 1 APPPATH\Views\index.php(88): CodeIgniter\Debug\Exceptions->errorHandler(2, 'Undefined array key "name"', 'C:\\xampp\\htdocs\\assignment1\\app\\Views\\index.php', 88)
 2 SYSTEMPATH\View\View.php(234): include('C:\\xampp\\htdocs\\assignment1\\app\\Views\\index.php')
 3 SYSTEMPATH\View\View.php(237): CodeIgniter\View\View->CodeIgniter\View\{closure}()
 4 SYSTEMPATH\Common.php(1171): CodeIgniter\View\View->render('index', [], true)
 5 APPPATH\Controllers\Questions.php(21): view('index', [...])
 6 SYSTEMPATH\CodeIgniter.php(933): App\Controllers\Questions->index()
 7 SYSTEMPATH\CodeIgniter.php(509): CodeIgniter\CodeIgniter->runController(Object(App\Controllers\Questions))
 8 SYSTEMPATH\CodeIgniter.php(355): CodeIgniter\CodeIgniter->handleRequest(null, Object(Config\Cache), false)
 9 SYSTEMPATH\Boot.php(325): CodeIgniter\CodeIgniter->run()
10 SYSTEMPATH\Boot.php(67): CodeIgniter\Boot::runCodeIgniter(Object(CodeIgniter\CodeIgniter))
11 FCPATH\index.php(56): CodeIgniter\Boot::bootWeb(Object(Config\Paths))
12 SYSTEMPATH\rewrite.php(44): require_once('C:\\xampp\\htdocs\\assignment1\\public\\index.php')
CRITICAL - 2024-10-28 11:19:45 --> BadMethodCallException: Call to undefined method App\Models\QuestionModel::updateQuestion
[Method: POST, Route: questions/update/1]
in SYSTEMPATH\Model.php on line 932.
 1 APPPATH\Controllers\Questions.php(66): CodeIgniter\Model->__call('updateQuestion', [...])
 2 SYSTEMPATH\CodeIgniter.php(933): App\Controllers\Questions->update('1')
 3 SYSTEMPATH\CodeIgniter.php(509): CodeIgniter\CodeIgniter->runController(Object(App\Controllers\Questions))
 4 SYSTEMPATH\CodeIgniter.php(355): CodeIgniter\CodeIgniter->handleRequest(null, Object(Config\Cache), false)
 5 SYSTEMPATH\Boot.php(325): CodeIgniter\CodeIgniter->run()
 6 SYSTEMPATH\Boot.php(67): CodeIgniter\Boot::runCodeIgniter(Object(CodeIgniter\CodeIgniter))
 7 FCPATH\index.php(56): CodeIgniter\Boot::bootWeb(Object(Config\Paths))
 8 SYSTEMPATH\rewrite.php(44): require_once('C:\\xampp\\htdocs\\assignment1\\public\\index.php')
